2021-01-23 17:23:35,962:INFO:discord.client: logging in using static token
2021-01-23 17:23:35,963:INFO:discord.client: Cleaning up tasks.
2021-01-23 17:23:35,963:INFO:discord.client: Closing the event loop.
2021-01-23 17:25:12,025:INFO:discord.client: logging in using static token
2021-01-23 17:25:12,025:INFO:discord.client: Cleaning up tasks.
2021-01-23 17:25:12,026:INFO:discord.client: Closing the event loop.
2021-01-23 17:26:21,946:INFO:discord.client: logging in using static token
2021-01-23 17:26:21,947:INFO:discord.client: Cleaning up tasks.
2021-01-23 17:26:21,947:INFO:discord.client: Closing the event loop.
2021-01-23 17:32:03,205:INFO:discord.client: logging in using static token
2021-01-23 17:32:03,205:INFO:discord.client: Cleaning up tasks.
2021-01-23 17:32:03,206:INFO:discord.client: Closing the event loop.
2021-01-23 17:49:01,581:INFO:discord.client: logging in using static token
2021-01-23 17:49:02,416:INFO:discord.gateway: Shard ID None has sent the IDENTIFY payload.
2021-01-23 17:49:02,907:INFO:discord.gateway: Shard ID None has connected to Gateway: ["gateway-prd-main-2jd9",{"micros":147338,"calls":["discord-sessions-prd-2-107",{"micros":144170,"calls":["start_session",{"micros":108417,"calls":["api-prd-main-0mzj",{"micros":76544,"calls":["get_user",{"micros":21091},"add_authorized_ip",{"micros":3564},"get_guilds",{"micros":13087},"coros_wait",{"micros":2}]}]},"guilds_connect",{"micros":2,"calls":[]},"presence_connect",{"micros":28788,"calls":[]}]}]}] (Session ID: fca7b8a6ddec742754d183bd685baee3).
2021-01-23 18:19:54,878:INFO:discord.client: Received signal to terminate bot and event loop.
2021-01-23 18:19:54,879:INFO:discord.client: Cleaning up tasks.
2021-01-23 18:19:54,880:INFO:discord.client: Cleaning up after 1 tasks.
2021-01-23 18:19:54,898:INFO:discord.client: All tasks finished cancelling.
2021-01-23 18:19:54,899:INFO:discord.client: Closing the event loop.
